<?xml version="1.0" encoding="UTF-8"?>
<testng-results ignored="0" total="1" passed="1" failed="0" skipped="0">
  <reporter-output>
  </reporter-output>
  <suite started-at="2023-11-01T19:32:40 IST" name="Default suite" finished-at="2023-11-01T19:32:44 IST" duration-ms="4758">
    <groups>
    </groups>
    <test started-at="2023-11-01T19:32:40 IST" name="Default test" finished-at="2023-11-01T19:32:44 IST" duration-ms="4758">
      <class name="restAssured_ReqRes.Get_Call">
        <test-method signature="Get()[pri:0, instance:restAssured_ReqRes.Get_Call@206a70ef]" started-at="2023-11-01T19:32:40 IST" name="Get" finished-at="2023-11-01T19:32:44 IST" duration-ms="4662" status="PASS">
          <reporter-output>
          </reporter-output>
        </test-method> <!-- Get -->
      </class> <!-- restAssured_ReqRes.Get_Call -->
    </test> <!-- Default test -->
  </suite> <!-- Default suite -->
</testng-results>
