<?xml version="1.0" encoding="UTF-8"?>
<!-- Generated by org.testng.reporters.JUnitXMLReporter -->
<testsuite ignored="0" hostname="NambiEzhilarasu" failures="1" tests="5" name="Default test" time="10.354" errors="0" timestamp="2023-09-03T14:37:51 IST">
  <testcase classname="seleniumMarathonSalesforce.individuals.Individuals_SalesForce" name="@AfterMethod logOut" time="0.001">
    <failure type="java.lang.NullPointerException" message="Cannot invoke &amp;quot;org.openqa.selenium.WebDriver.quit()&amp;quot; because &amp;quot;seleniumMarathonSalesforce.individuals.Individuals_SalesForce.driver&amp;quot; is null">
      <![CDATA[java.lang.NullPointerException: Cannot invoke "org.openqa.selenium.WebDriver.quit()" because "seleniumMarathonSalesforce.individuals.Individuals_SalesForce.driver" is null
at seleniumMarathonSalesforce.individuals.Individuals_SalesForce.logOut(Individuals_SalesForce.java:49)
at java.base/jdk.internal.reflect.DirectMethodHandleAccessor.invoke(DirectMethodHandleAccessor.java:104)
at java.base/java.lang.reflect.Method.invoke(Method.java:578)
at org.testng.internal.invokers.MethodInvocationHelper.invokeMethod(MethodInvocationHelper.java:135)
at org.testng.internal.invokers.MethodInvocationHelper.invokeMethodConsideringTimeout(MethodInvocationHelper.java:65)
at org.testng.internal.invokers.ConfigInvoker.invokeConfigurationMethod(ConfigInvoker.java:381)
at org.testng.internal.invokers.ConfigInvoker.invokeConfigurations(ConfigInvoker.java:319)
at org.testng.internal.invokers.TestInvoker.runConfigMethods(TestInvoker.java:803)
at org.testng.internal.invokers.TestInvoker.runAfterConfigurations(TestInvoker.java:772)
at org.testng.internal.invokers.TestInvoker.invokeMethod(TestInvoker.java:748)
at org.testng.internal.invokers.TestInvoker.invokeTestMethod(TestInvoker.java:220)
at org.testng.internal.invokers.MethodRunner.runInSequence(MethodRunner.java:50)
at org.testng.internal.invokers.TestInvoker$MethodInvocationAgent.invoke(TestInvoker.java:945)
at org.testng.internal.invokers.TestInvoker.invokeTestMethods(TestInvoker.java:193)
at org.testng.internal.invokers.TestMethodWorker.invokeTestMethods(TestMethodWorker.java:146)
at org.testng.internal.invokers.TestMethodWorker.run(TestMethodWorker.java:128)
at java.base/java.util.ArrayList.forEach(ArrayList.java:1511)
at org.testng.TestRunner.privateRun(TestRunner.java:808)
at org.testng.TestRunner.run(TestRunner.java:603)
at org.testng.SuiteRunner.runTest(SuiteRunner.java:429)
at org.testng.SuiteRunner.runSequentially(SuiteRunner.java:423)
at org.testng.SuiteRunner.privateRun(SuiteRunner.java:383)
at org.testng.SuiteRunner.run(SuiteRunner.java:326)
at org.testng.SuiteRunnerWorker.runSuite(SuiteRunnerWorker.java:52)
at org.testng.SuiteRunnerWorker.run(SuiteRunnerWorker.java:95)
at org.testng.TestNG.runSuitesSequentially(TestNG.java:1249)
at org.testng.TestNG.runSuitesLocally(TestNG.java:1169)
at org.testng.TestNG.runSuites(TestNG.java:1092)
at org.testng.TestNG.run(TestNG.java:1060)
at org.testng.remote.AbstractRemoteTestNG.run(AbstractRemoteTestNG.java:115)
at org.testng.remote.RemoteTestNG.initAndRun(RemoteTestNG.java:251)
at org.testng.remote.RemoteTestNG.main(RemoteTestNG.java:77)
]]>
    </failure>
  </testcase> <!-- @AfterMethod logOut -->
  <testcase classname="seleniumMarathonSalesforce.individuals.Individuals_SalesForce" name="@BeforeMethod logIn" time="0.0">
    <skipped/>
  </testcase> <!-- @BeforeMethod logIn -->
  <testcase classname="seleniumMarathonSalesforce.individuals.Individuals_SalesForce" name="@AfterMethod logOut" time="0.0">
    <skipped/>
  </testcase> <!-- @AfterMethod logOut -->
  <testcase classname="seleniumMarathonSalesforce.individuals.Individuals_SalesForce" name="@BeforeMethod logIn" time="0.0">
    <skipped/>
  </testcase> <!-- @BeforeMethod logIn -->
  <testcase classname="seleniumMarathonSalesforce.individuals.Individuals_SalesForce" name="@AfterMethod logOut" time="0.0">
    <skipped/>
  </testcase> <!-- @AfterMethod logOut -->
  <testcase classname="seleniumMarathonSalesforce.individuals.Individuals_SalesForce" name="@BeforeMethod logIn" time="0.0">
    <skipped/>
  </testcase> <!-- @BeforeMethod logIn -->
  <testcase classname="seleniumMarathonSalesforce.individuals.Individuals_SalesForce" name="@AfterMethod logOut" time="0.0">
    <skipped/>
  </testcase> <!-- @AfterMethod logOut -->
  <testcase classname="seleniumMarathonSalesforce.individuals.Individuals_SalesForce" name="@BeforeMethod logIn" time="0.0">
    <skipped/>
  </testcase> <!-- @BeforeMethod logIn -->
  <testcase classname="seleniumMarathonSalesforce.individuals.Individuals_SalesForce" name="@AfterMethod logOut" time="0.0">
    <skipped/>
  </testcase> <!-- @AfterMethod logOut -->
  <testcase classname="seleniumMarathonSalesforce.individuals.Individuals_SalesForce" name="createIndividuals" time="0.01">
    <failure type="java.lang.NullPointerException" message="Cannot invoke &amp;quot;org.openqa.selenium.WebDriver.findElement(org.openqa.selenium.By)&amp;quot; because &amp;quot;seleniumMarathonSalesforce.individuals.Individuals_SalesForce.driver&amp;quot; is null">
      <![CDATA[java.lang.NullPointerException: Cannot invoke "org.openqa.selenium.WebDriver.findElement(org.openqa.selenium.By)" because "seleniumMarathonSalesforce.individuals.Individuals_SalesForce.driver" is null
at seleniumMarathonSalesforce.individuals.Individuals_SalesForce.createIndividuals(Individuals_SalesForce.java:57)
at java.base/jdk.internal.reflect.DirectMethodHandleAccessor.invoke(DirectMethodHandleAccessor.java:104)
at java.base/java.lang.reflect.Method.invoke(Method.java:578)
at org.testng.internal.invokers.MethodInvocationHelper.invokeMethod(MethodInvocationHelper.java:135)
at org.testng.internal.invokers.TestInvoker.invokeMethod(TestInvoker.java:673)
at org.testng.internal.invokers.TestInvoker.invokeTestMethod(TestInvoker.java:220)
at org.testng.internal.invokers.MethodRunner.runInSequence(MethodRunner.java:50)
at org.testng.internal.invokers.TestInvoker$MethodInvocationAgent.invoke(TestInvoker.java:945)
at org.testng.internal.invokers.TestInvoker.invokeTestMethods(TestInvoker.java:193)
at org.testng.internal.invokers.TestMethodWorker.invokeTestMethods(TestMethodWorker.java:146)
at org.testng.internal.invokers.TestMethodWorker.run(TestMethodWorker.java:128)
at java.base/java.util.ArrayList.forEach(ArrayList.java:1511)
at org.testng.TestRunner.privateRun(TestRunner.java:808)
at org.testng.TestRunner.run(TestRunner.java:603)
at org.testng.SuiteRunner.runTest(SuiteRunner.java:429)
at org.testng.SuiteRunner.runSequentially(SuiteRunner.java:423)
at org.testng.SuiteRunner.privateRun(SuiteRunner.java:383)
at org.testng.SuiteRunner.run(SuiteRunner.java:326)
at org.testng.SuiteRunnerWorker.runSuite(SuiteRunnerWorker.java:52)
at org.testng.SuiteRunnerWorker.run(SuiteRunnerWorker.java:95)
at org.testng.TestNG.runSuitesSequentially(TestNG.java:1249)
at org.testng.TestNG.runSuitesLocally(TestNG.java:1169)
at org.testng.TestNG.runSuites(TestNG.java:1092)
at org.testng.TestNG.run(TestNG.java:1060)
at org.testng.remote.AbstractRemoteTestNG.run(AbstractRemoteTestNG.java:115)
at org.testng.remote.RemoteTestNG.initAndRun(RemoteTestNG.java:251)
at org.testng.remote.RemoteTestNG.main(RemoteTestNG.java:77)
]]>
    </failure>
  </testcase> <!-- createIndividuals -->
  <testcase classname="seleniumMarathonSalesforce.individuals.Individuals_SalesForce" name="editIndividuals" time="0.0">
    <skipped/>
  </testcase> <!-- editIndividuals -->
  <testcase classname="seleniumMarathonSalesforce.individuals.Individuals_SalesForce" name="deleteIndividuals" time="0.0">
    <skipped/>
  </testcase> <!-- deleteIndividuals -->
  <testcase classname="seleniumMarathonSalesforce.individuals.Individuals_SalesForce" name="CreateIndividuals_Without_Mandatory_SalesForce" time="0.0">
    <skipped/>
  </testcase> <!-- CreateIndividuals_Without_Mandatory_SalesForce -->
  <testcase classname="seleniumMarathonSalesforce.individuals.Individuals_SalesForce" name="VerifyIndividualsSortName" time="0.0">
    <skipped/>
  </testcase> <!-- VerifyIndividualsSortName -->
</testsuite> <!-- Default test -->
